0 info it worked if it ends with ok
1 verbose cli [ '/usr/local/bin/node',
1 verbose cli   '/usr/local/bin/npm',
1 verbose cli   'install',
1 verbose cli   '-g',
1 verbose cli   'express-generator' ]
2 info using npm@3.6.0
3 info using node@v5.7.0
4 silly loadCurrentTree Starting
5 silly install loadCurrentTree
6 silly install readGlobalPackageData
7 silly fetchPackageMetaData express-generator
8 silly fetchNamedPackageData express-generator
9 silly mapToRegistry name express-generator
10 silly mapToRegistry using default registry
11 silly mapToRegistry registry https://registry.npmjs.org/
12 silly mapToRegistry uri https://registry.npmjs.org/express-generator
13 verbose request uri https://registry.npmjs.org/express-generator
14 verbose request no auth needed
15 info attempt registry request try #1 at 7:31:59 AM
16 verbose request id 6cf474e6deed13e8
17 verbose etag "234XQ7MSYMP9CYEAEKEZYP51J"
18 http request GET https://registry.npmjs.org/express-generator
19 http 304 https://registry.npmjs.org/express-generator
20 verbose headers { date: 'Wed, 24 Feb 2016 13:31:59 GMT',
20 verbose headers   via: '1.1 varnish',
20 verbose headers   'cache-control': 'max-age=300',
20 verbose headers   etag: '"234XQ7MSYMP9CYEAEKEZYP51J"',
20 verbose headers   age: '0',
20 verbose headers   connection: 'keep-alive',
20 verbose headers   'x-served-by': 'cache-dfw1820-DFW',
20 verbose headers   'x-cache': 'HIT',
20 verbose headers   'x-cache-hits': '1',
20 verbose headers   'x-timer': 'S1456320719.702906,VS0,VE255',
20 verbose headers   vary: 'Accept' }
21 silly get cb [ 304,
21 silly get   { date: 'Wed, 24 Feb 2016 13:31:59 GMT',
21 silly get     via: '1.1 varnish',
21 silly get     'cache-control': 'max-age=300',
21 silly get     etag: '"234XQ7MSYMP9CYEAEKEZYP51J"',
21 silly get     age: '0',
21 silly get     connection: 'keep-alive',
21 silly get     'x-served-by': 'cache-dfw1820-DFW',
21 silly get     'x-cache': 'HIT',
21 silly get     'x-cache-hits': '1',
21 silly get     'x-timer': 'S1456320719.702906,VS0,VE255',
21 silly get     vary: 'Accept' } ]
22 verbose etag https://registry.npmjs.org/express-generator from cache
23 verbose get saving express-generator to /Users/macmini/.npm/registry.npmjs.org/express-generator/.cache.json
24 verbose correctMkdir /Users/macmini/.npm correctMkdir not in flight; initializing
25 silly install normalizeTree
26 silly loadCurrentTree Finishing
27 silly loadIdealTree Starting
28 silly install loadIdealTree
29 silly cloneCurrentTree Starting
30 silly install cloneCurrentTreeToIdealTree
31 silly cloneCurrentTree Finishing
32 silly loadShrinkwrap Starting
33 silly install loadShrinkwrap
34 silly loadShrinkwrap Finishing
35 silly loadAllDepsIntoIdealTree Starting
36 silly install loadAllDepsIntoIdealTree
37 silly resolveWithNewModule express-generator@4.13.1 checking installable status
38 silly cache add args [ 'express-generator', null ]
39 verbose cache add spec express-generator
40 silly cache add parsed spec Result {
40 silly cache add   raw: 'express-generator',
40 silly cache add   scope: null,
40 silly cache add   name: 'express-generator',
40 silly cache add   rawSpec: '',
40 silly cache add   spec: 'latest',
40 silly cache add   type: 'tag' }
41 silly addNamed express-generator@latest
42 verbose addNamed "latest" is being treated as a dist-tag for express-generator
43 info addNameTag [ 'express-generator', 'latest' ]
44 silly mapToRegistry name express-generator
45 silly mapToRegistry using default registry
46 silly mapToRegistry registry https://registry.npmjs.org/
47 silly mapToRegistry uri https://registry.npmjs.org/express-generator
48 verbose addNameTag registry:https://registry.npmjs.org/express-generator not in flight; fetching
49 verbose get https://registry.npmjs.org/express-generator not expired, no request
50 silly addNameTag next cb for express-generator with tag latest
51 silly addNamed express-generator@4.13.1
52 verbose addNamed "4.13.1" is a plain semver version for express-generator
53 silly cache afterAdd express-generator@4.13.1
54 verbose afterAdd /Users/macmini/.npm/express-generator/4.13.1/package/package.json not in flight; writing
55 verbose correctMkdir /Users/macmini/.npm correctMkdir not in flight; initializing
56 verbose afterAdd /Users/macmini/.npm/express-generator/4.13.1/package/package.json written
57 silly fetchNamedPackageData commander
58 silly mapToRegistry name commander
59 silly mapToRegistry using default registry
60 silly mapToRegistry registry https://registry.npmjs.org/
61 silly mapToRegistry uri https://registry.npmjs.org/commander
62 silly fetchNamedPackageData mkdirp
63 silly mapToRegistry name mkdirp
64 silly mapToRegistry using default registry
65 silly mapToRegistry registry https://registry.npmjs.org/
66 silly mapToRegistry uri https://registry.npmjs.org/mkdirp
67 silly fetchNamedPackageData sorted-object
68 silly mapToRegistry name sorted-object
69 silly mapToRegistry using default registry
70 silly mapToRegistry registry https://registry.npmjs.org/
71 silly mapToRegistry uri https://registry.npmjs.org/sorted-object
72 verbose request uri https://registry.npmjs.org/commander
73 verbose request no auth needed
74 info attempt registry request try #1 at 7:32:00 AM
75 verbose etag "4ZTIKJ17VT5GZJ0SWP30PJION"
76 http request GET https://registry.npmjs.org/commander
77 verbose request uri https://registry.npmjs.org/sorted-object
78 verbose request no auth needed
79 info attempt registry request try #1 at 7:32:00 AM
80 verbose etag "916LJ205YNQ3JWJEL3GJFWR3Z"
81 http request GET https://registry.npmjs.org/sorted-object
82 verbose request uri https://registry.npmjs.org/mkdirp
83 verbose request no auth needed
84 info attempt registry request try #1 at 7:32:00 AM
85 verbose etag "E2M2HA16B2KY2QONZ24EHY7WZ"
86 http request GET https://registry.npmjs.org/mkdirp
87 http 304 https://registry.npmjs.org/commander
88 verbose headers { date: 'Wed, 24 Feb 2016 13:32:00 GMT',
88 verbose headers   via: '1.1 varnish',
88 verbose headers   'cache-control': 'max-age=300',
88 verbose headers   etag: '"4ZTIKJ17VT5GZJ0SWP30PJION"',
88 verbose headers   age: '246',
88 verbose headers   connection: 'keep-alive',
88 verbose headers   'x-served-by': 'cache-dfw1820-DFW',
88 verbose headers   'x-cache': 'HIT',
88 verbose headers   'x-cache-hits': '200',
88 verbose headers   'x-timer': 'S1456320720.438685,VS0,VE0',
88 verbose headers   vary: 'Accept' }
89 silly get cb [ 304,
89 silly get   { date: 'Wed, 24 Feb 2016 13:32:00 GMT',
89 silly get     via: '1.1 varnish',
89 silly get     'cache-control': 'max-age=300',
89 silly get     etag: '"4ZTIKJ17VT5GZJ0SWP30PJION"',
89 silly get     age: '246',
89 silly get     connection: 'keep-alive',
89 silly get     'x-served-by': 'cache-dfw1820-DFW',
89 silly get     'x-cache': 'HIT',
89 silly get     'x-cache-hits': '200',
89 silly get     'x-timer': 'S1456320720.438685,VS0,VE0',
89 silly get     vary: 'Accept' } ]
90 verbose etag https://registry.npmjs.org/commander from cache
91 verbose get saving commander to /Users/macmini/.npm/registry.npmjs.org/commander/.cache.json
92 verbose correctMkdir /Users/macmini/.npm correctMkdir not in flight; initializing
93 http 304 https://registry.npmjs.org/mkdirp
94 verbose headers { date: 'Wed, 24 Feb 2016 13:32:00 GMT',
94 verbose headers   via: '1.1 varnish',
94 verbose headers   'cache-control': 'max-age=300',
94 verbose headers   etag: '"E2M2HA16B2KY2QONZ24EHY7WZ"',
94 verbose headers   age: '223',
94 verbose headers   connection: 'keep-alive',
94 verbose headers   'x-served-by': 'cache-dfw1820-DFW',
94 verbose headers   'x-cache': 'HIT',
94 verbose headers   'x-cache-hits': '11',
94 verbose headers   'x-timer': 'S1456320720.454012,VS0,VE0',
94 verbose headers   vary: 'Accept' }
95 silly get cb [ 304,
95 silly get   { date: 'Wed, 24 Feb 2016 13:32:00 GMT',
95 silly get     via: '1.1 varnish',
95 silly get     'cache-control': 'max-age=300',
95 silly get     etag: '"E2M2HA16B2KY2QONZ24EHY7WZ"',
95 silly get     age: '223',
95 silly get     connection: 'keep-alive',
95 silly get     'x-served-by': 'cache-dfw1820-DFW',
95 silly get     'x-cache': 'HIT',
95 silly get     'x-cache-hits': '11',
95 silly get     'x-timer': 'S1456320720.454012,VS0,VE0',
95 silly get     vary: 'Accept' } ]
96 verbose etag https://registry.npmjs.org/mkdirp from cache
97 verbose get saving mkdirp to /Users/macmini/.npm/registry.npmjs.org/mkdirp/.cache.json
98 verbose correctMkdir /Users/macmini/.npm correctMkdir not in flight; initializing
99 silly resolveWithNewModule mkdirp@0.5.1 checking installable status
100 silly cache add args [ 'mkdirp@0.5.1', null ]
101 verbose cache add spec mkdirp@0.5.1
102 silly cache add parsed spec Result {
102 silly cache add   raw: 'mkdirp@0.5.1',
102 silly cache add   scope: null,
102 silly cache add   name: 'mkdirp',
102 silly cache add   rawSpec: '0.5.1',
102 silly cache add   spec: '0.5.1',
102 silly cache add   type: 'version' }
103 silly addNamed mkdirp@0.5.1
104 verbose addNamed "0.5.1" is a plain semver version for mkdirp
105 silly mapToRegistry name mkdirp
106 silly mapToRegistry using default registry
107 silly mapToRegistry registry https://registry.npmjs.org/
108 silly mapToRegistry uri https://registry.npmjs.org/mkdirp
109 verbose addNameVersion registry:https://registry.npmjs.org/mkdirp not in flight; fetching
110 silly resolveWithNewModule commander@2.7.1 checking installable status
111 silly cache add args [ 'commander@2.7.1', null ]
112 verbose cache add spec commander@2.7.1
113 silly cache add parsed spec Result {
113 silly cache add   raw: 'commander@2.7.1',
113 silly cache add   scope: null,
113 silly cache add   name: 'commander',
113 silly cache add   rawSpec: '2.7.1',
113 silly cache add   spec: '2.7.1',
113 silly cache add   type: 'version' }
114 silly addNamed commander@2.7.1
115 verbose addNamed "2.7.1" is a plain semver version for commander
116 silly mapToRegistry name commander
117 silly mapToRegistry using default registry
118 silly mapToRegistry registry https://registry.npmjs.org/
119 silly mapToRegistry uri https://registry.npmjs.org/commander
120 verbose addNameVersion registry:https://registry.npmjs.org/commander not in flight; fetching
121 verbose get https://registry.npmjs.org/mkdirp not expired, no request
122 verbose get https://registry.npmjs.org/commander not expired, no request
123 silly cache afterAdd mkdirp@0.5.1
124 verbose afterAdd /Users/macmini/.npm/mkdirp/0.5.1/package/package.json not in flight; writing
125 verbose correctMkdir /Users/macmini/.npm correctMkdir not in flight; initializing
126 silly cache afterAdd commander@2.7.1
127 verbose afterAdd /Users/macmini/.npm/commander/2.7.1/package/package.json not in flight; writing
128 verbose correctMkdir /Users/macmini/.npm correctMkdir not in flight; initializing
129 http 304 https://registry.npmjs.org/sorted-object
130 verbose headers { date: 'Wed, 24 Feb 2016 13:32:00 GMT',
130 verbose headers   via: '1.1 varnish',
130 verbose headers   'cache-control': 'max-age=300',
130 verbose headers   etag: '"916LJ205YNQ3JWJEL3GJFWR3Z"',
130 verbose headers   age: '0',
130 verbose headers   connection: 'keep-alive',
130 verbose headers   'x-served-by': 'cache-dfw1834-DFW',
130 verbose headers   'x-cache': 'HIT',
130 verbose headers   'x-cache-hits': '1',
130 verbose headers   'x-timer': 'S1456320720.453693,VS0,VE63',
130 verbose headers   vary: 'Accept' }
131 silly get cb [ 304,
131 silly get   { date: 'Wed, 24 Feb 2016 13:32:00 GMT',
131 silly get     via: '1.1 varnish',
131 silly get     'cache-control': 'max-age=300',
131 silly get     etag: '"916LJ205YNQ3JWJEL3GJFWR3Z"',
131 silly get     age: '0',
131 silly get     connection: 'keep-alive',
131 silly get     'x-served-by': 'cache-dfw1834-DFW',
131 silly get     'x-cache': 'HIT',
131 silly get     'x-cache-hits': '1',
131 silly get     'x-timer': 'S1456320720.453693,VS0,VE63',
131 silly get     vary: 'Accept' } ]
132 verbose etag https://registry.npmjs.org/sorted-object from cache
133 verbose get saving sorted-object to /Users/macmini/.npm/registry.npmjs.org/sorted-object/.cache.json
134 verbose correctMkdir /Users/macmini/.npm correctMkdir not in flight; initializing
135 verbose afterAdd /Users/macmini/.npm/commander/2.7.1/package/package.json written
136 verbose afterAdd /Users/macmini/.npm/mkdirp/0.5.1/package/package.json written
137 silly resolveWithNewModule sorted-object@1.0.0 checking installable status
138 silly cache add args [ 'sorted-object@1.0.0', null ]
139 verbose cache add spec sorted-object@1.0.0
140 silly cache add parsed spec Result {
140 silly cache add   raw: 'sorted-object@1.0.0',
140 silly cache add   scope: null,
140 silly cache add   name: 'sorted-object',
140 silly cache add   rawSpec: '1.0.0',
140 silly cache add   spec: '1.0.0',
140 silly cache add   type: 'version' }
141 silly addNamed sorted-object@1.0.0
142 verbose addNamed "1.0.0" is a plain semver version for sorted-object
143 silly mapToRegistry name sorted-object
144 silly mapToRegistry using default registry
145 silly mapToRegistry registry https://registry.npmjs.org/
146 silly mapToRegistry uri https://registry.npmjs.org/sorted-object
147 verbose addNameVersion registry:https://registry.npmjs.org/sorted-object not in flight; fetching
148 verbose get https://registry.npmjs.org/sorted-object not expired, no request
149 silly cache afterAdd sorted-object@1.0.0
150 verbose afterAdd /Users/macmini/.npm/sorted-object/1.0.0/package/package.json not in flight; writing
151 verbose correctMkdir /Users/macmini/.npm correctMkdir not in flight; initializing
152 verbose afterAdd /Users/macmini/.npm/sorted-object/1.0.0/package/package.json written
153 silly fetchNamedPackageData graceful-readlink
154 silly mapToRegistry name graceful-readlink
155 silly mapToRegistry using default registry
156 silly mapToRegistry registry https://registry.npmjs.org/
157 silly mapToRegistry uri https://registry.npmjs.org/graceful-readlink
158 verbose request uri https://registry.npmjs.org/graceful-readlink
159 verbose request no auth needed
160 info attempt registry request try #1 at 7:32:00 AM
161 verbose etag "4Y89F8JDJP0YPHGBB0IMVMPJA"
162 http request GET https://registry.npmjs.org/graceful-readlink
163 http 304 https://registry.npmjs.org/graceful-readlink
164 verbose headers { date: 'Wed, 24 Feb 2016 13:32:00 GMT',
164 verbose headers   via: '1.1 varnish',
164 verbose headers   'cache-control': 'max-age=300',
164 verbose headers   etag: '"4Y89F8JDJP0YPHGBB0IMVMPJA"',
164 verbose headers   age: '108',
164 verbose headers   connection: 'keep-alive',
164 verbose headers   'x-served-by': 'cache-dfw1833-DFW',
164 verbose headers   'x-cache': 'HIT',
164 verbose headers   'x-cache-hits': '4',
164 verbose headers   'x-timer': 'S1456320720.663813,VS0,VE0',
164 verbose headers   vary: 'Accept' }
165 silly get cb [ 304,
165 silly get   { date: 'Wed, 24 Feb 2016 13:32:00 GMT',
165 silly get     via: '1.1 varnish',
165 silly get     'cache-control': 'max-age=300',
165 silly get     etag: '"4Y89F8JDJP0YPHGBB0IMVMPJA"',
165 silly get     age: '108',
165 silly get     connection: 'keep-alive',
165 silly get     'x-served-by': 'cache-dfw1833-DFW',
165 silly get     'x-cache': 'HIT',
165 silly get     'x-cache-hits': '4',
165 silly get     'x-timer': 'S1456320720.663813,VS0,VE0',
165 silly get     vary: 'Accept' } ]
166 verbose etag https://registry.npmjs.org/graceful-readlink from cache
167 verbose get saving graceful-readlink to /Users/macmini/.npm/registry.npmjs.org/graceful-readlink/.cache.json
168 verbose correctMkdir /Users/macmini/.npm correctMkdir not in flight; initializing
169 silly resolveWithNewModule graceful-readlink@1.0.1 checking installable status
170 silly cache add args [ 'graceful-readlink@>= 1.0.0', null ]
171 verbose cache add spec graceful-readlink@>= 1.0.0
172 silly cache add parsed spec Result {
172 silly cache add   raw: 'graceful-readlink@>= 1.0.0',
172 silly cache add   scope: null,
172 silly cache add   name: 'graceful-readlink',
172 silly cache add   rawSpec: '>= 1.0.0',
172 silly cache add   spec: '>=1.0.0',
172 silly cache add   type: 'range' }
173 silly addNamed graceful-readlink@>=1.0.0
174 verbose addNamed ">=1.0.0" is a valid semver range for graceful-readlink
175 silly addNameRange { name: 'graceful-readlink', range: '>=1.0.0', hasData: false }
176 silly mapToRegistry name graceful-readlink
177 silly mapToRegistry using default registry
178 silly mapToRegistry registry https://registry.npmjs.org/
179 silly mapToRegistry uri https://registry.npmjs.org/graceful-readlink
180 verbose addNameRange registry:https://registry.npmjs.org/graceful-readlink not in flight; fetching
181 verbose get https://registry.npmjs.org/graceful-readlink not expired, no request
182 silly addNameRange number 2 { name: 'graceful-readlink', range: '>=1.0.0', hasData: true }
183 silly addNameRange versions [ 'graceful-readlink', [ '1.0.0', '1.0.1' ] ]
184 silly addNamed graceful-readlink@1.0.1
185 verbose addNamed "1.0.1" is a plain semver version for graceful-readlink
186 silly cache afterAdd graceful-readlink@1.0.1
187 verbose afterAdd /Users/macmini/.npm/graceful-readlink/1.0.1/package/package.json not in flight; writing
188 verbose correctMkdir /Users/macmini/.npm correctMkdir not in flight; initializing
189 verbose afterAdd /Users/macmini/.npm/graceful-readlink/1.0.1/package/package.json written
190 silly fetchNamedPackageData minimist
191 silly mapToRegistry name minimist
192 silly mapToRegistry using default registry
193 silly mapToRegistry registry https://registry.npmjs.org/
194 silly mapToRegistry uri https://registry.npmjs.org/minimist
195 verbose request uri https://registry.npmjs.org/minimist
196 verbose request no auth needed
197 info attempt registry request try #1 at 7:32:00 AM
198 verbose etag "EXJ5SM6CO0WKYV029Z4AKLKNM"
199 http request GET https://registry.npmjs.org/minimist
200 http 304 https://registry.npmjs.org/minimist
201 verbose headers { date: 'Wed, 24 Feb 2016 13:32:00 GMT',
201 verbose headers   via: '1.1 varnish',
201 verbose headers   'cache-control': 'max-age=300',
201 verbose headers   etag: '"EXJ5SM6CO0WKYV029Z4AKLKNM"',
201 verbose headers   age: '101',
201 verbose headers   connection: 'keep-alive',
201 verbose headers   'x-served-by': 'cache-dfw1828-DFW',
201 verbose headers   'x-cache': 'HIT',
201 verbose headers   'x-cache-hits': '9',
201 verbose headers   'x-timer': 'S1456320720.775583,VS0,VE0',
201 verbose headers   vary: 'Accept' }
202 silly get cb [ 304,
202 silly get   { date: 'Wed, 24 Feb 2016 13:32:00 GMT',
202 silly get     via: '1.1 varnish',
202 silly get     'cache-control': 'max-age=300',
202 silly get     etag: '"EXJ5SM6CO0WKYV029Z4AKLKNM"',
202 silly get     age: '101',
202 silly get     connection: 'keep-alive',
202 silly get     'x-served-by': 'cache-dfw1828-DFW',
202 silly get     'x-cache': 'HIT',
202 silly get     'x-cache-hits': '9',
202 silly get     'x-timer': 'S1456320720.775583,VS0,VE0',
202 silly get     vary: 'Accept' } ]
203 verbose etag https://registry.npmjs.org/minimist from cache
204 verbose get saving minimist to /Users/macmini/.npm/registry.npmjs.org/minimist/.cache.json
205 verbose correctMkdir /Users/macmini/.npm correctMkdir not in flight; initializing
206 silly resolveWithNewModule minimist@0.0.8 checking installable status
207 silly cache add args [ 'minimist@0.0.8', null ]
208 verbose cache add spec minimist@0.0.8
209 silly cache add parsed spec Result {
209 silly cache add   raw: 'minimist@0.0.8',
209 silly cache add   scope: null,
209 silly cache add   name: 'minimist',
209 silly cache add   rawSpec: '0.0.8',
209 silly cache add   spec: '0.0.8',
209 silly cache add   type: 'version' }
210 silly addNamed minimist@0.0.8
211 verbose addNamed "0.0.8" is a plain semver version for minimist
212 silly mapToRegistry name minimist
213 silly mapToRegistry using default registry
214 silly mapToRegistry registry https://registry.npmjs.org/
215 silly mapToRegistry uri https://registry.npmjs.org/minimist
216 verbose addNameVersion registry:https://registry.npmjs.org/minimist not in flight; fetching
217 verbose get https://registry.npmjs.org/minimist not expired, no request
218 silly cache afterAdd minimist@0.0.8
219 verbose afterAdd /Users/macmini/.npm/minimist/0.0.8/package/package.json not in flight; writing
220 verbose correctMkdir /Users/macmini/.npm correctMkdir not in flight; initializing
221 verbose afterAdd /Users/macmini/.npm/minimist/0.0.8/package/package.json written
222 silly loadAllDepsIntoIdealTree Finishing
223 silly idealTree:prePrune lib
223 silly idealTree:prePrune `-- express-generator@4.13.1
223 silly idealTree:prePrune   +-- commander@2.7.1
223 silly idealTree:prePrune   +-- graceful-readlink@1.0.1
223 silly idealTree:prePrune   +-- minimist@0.0.8
223 silly idealTree:prePrune   +-- mkdirp@0.5.1
223 silly idealTree:prePrune   `-- sorted-object@1.0.0
224 silly loadIdealTree Finishing
225 silly currentTree lib
226 silly idealTree lib
226 silly idealTree `-- express-generator@4.13.1
226 silly idealTree   +-- commander@2.7.1
226 silly idealTree   +-- graceful-readlink@1.0.1
226 silly idealTree   +-- minimist@0.0.8
226 silly idealTree   +-- mkdirp@0.5.1
226 silly idealTree   `-- sorted-object@1.0.0
227 silly generateActionsToTake Starting
228 silly install generateActionsToTake
229 warn checkPermissions Missing write access to /usr/local/lib/node_modules
230 silly rollbackFailedOptional Starting
231 silly rollbackFailedOptional Finishing
232 silly runTopLevelLifecycles Starting
233 silly runTopLevelLifecycles Finishing
234 silly install printInstalled
235 verbose stack Error: EACCES: permission denied, access '/usr/local/lib/node_modules'
235 verbose stack     at Error (native)
236 verbose cwd /Users/macmini/WebstormProjects/hiikeynode
237 error Darwin 15.3.0
238 error argv "/usr/local/bin/node" "/usr/local/bin/npm" "install" "-g" "express-generator"
239 error node v5.7.0
240 error npm  v3.6.0
241 error path /usr/local/lib/node_modules
242 error code EACCES
243 error errno -13
244 error syscall access
245 error Error: EACCES: permission denied, access '/usr/local/lib/node_modules'
245 error     at Error (native)
245 error  { [Error: EACCES: permission denied, access '/usr/local/lib/node_modules']
245 error   errno: -13,
245 error   code: 'EACCES',
245 error   syscall: 'access',
245 error   path: '/usr/local/lib/node_modules' }
246 error Please try running this command again as root/Administrator.
247 verbose exit [ -13, true ]
